c:\users\luke\documents\mobaxterm\apache24\htdocs\route_receiver\release\alclib.pdb
c:\users\luke\documents\mobaxterm\apache24\htdocs\route_receiver\alclib\release\xor_fec.obj
c:\users\luke\documents\mobaxterm\apache24\htdocs\route_receiver\alclib\release\transport.obj
c:\users\luke\documents\mobaxterm\apache24\htdocs\route_receiver\alclib\release\rs_fec.obj
c:\users\luke\documents\mobaxterm\apache24\htdocs\route_receiver\alclib\release\null_fec.obj
c:\users\luke\documents\mobaxterm\apache24\htdocs\route_receiver\alclib\release\mad_rlc.obj
c:\users\luke\documents\mobaxterm\apache24\htdocs\route_receiver\alclib\release\mad.obj
c:\users\luke\documents\mobaxterm\apache24\htdocs\route_receiver\alclib\release\lct_hdr.obj
c:\users\luke\documents\mobaxterm\apache24\htdocs\route_receiver\alclib\release\fec.obj
c:\users\luke\documents\mobaxterm\apache24\htdocs\route_receiver\alclib\release\blocking_alg.obj
c:\users\luke\documents\mobaxterm\apache24\htdocs\route_receiver\alclib\release\alc_tx.obj
c:\users\luke\documents\mobaxterm\apache24\htdocs\route_receiver\alclib\release\alc_socket.obj
c:\users\luke\documents\mobaxterm\apache24\htdocs\route_receiver\alclib\release\alc_session.obj
c:\users\luke\documents\mobaxterm\apache24\htdocs\route_receiver\alclib\release\alc_rx.obj
c:\users\luke\documents\mobaxterm\apache24\htdocs\route_receiver\alclib\release\alc_list.obj
c:\users\luke\documents\mobaxterm\apache24\htdocs\route_receiver\alclib\release\alc_hdr.obj
c:\users\luke\documents\mobaxterm\apache24\htdocs\route_receiver\alclib\release\alc_channel.obj
c:\users\luke\documents\mobaxterm\apache24\htdocs\route_receiver\release\alclib.lib
c:\users\luke\documents\mobaxterm\apache24\htdocs\route_receiver\alclib\release\alclib.tlog\cl.command.1.tlog
c:\users\luke\documents\mobaxterm\apache24\htdocs\route_receiver\alclib\release\alclib.tlog\cl.read.1.tlog
c:\users\luke\documents\mobaxterm\apache24\htdocs\route_receiver\alclib\release\alclib.tlog\cl.write.1.tlog
c:\users\luke\documents\mobaxterm\apache24\htdocs\route_receiver\alclib\release\alclib.tlog\lib-link.read.1.tlog
c:\users\luke\documents\mobaxterm\apache24\htdocs\route_receiver\alclib\release\alclib.tlog\lib-link.write.1.tlog
c:\users\luke\documents\mobaxterm\apache24\htdocs\route_receiver\alclib\release\alclib.tlog\lib.command.1.tlog
