c:\users\luke\documents\mobaxterm\apache24\htdocs\route_receiver\debug\alclib.pdb
c:\users\luke\documents\mobaxterm\apache24\htdocs\route_receiver\debug\alclib.idb
c:\users\luke\documents\mobaxterm\apache24\htdocs\route_receiver\alclib\debug\alc_channel.obj
c:\users\luke\documents\mobaxterm\apache24\htdocs\route_receiver\alclib\debug\alc_hdr.obj
c:\users\luke\documents\mobaxterm\apache24\htdocs\route_receiver\alclib\debug\alc_list.obj
c:\users\luke\documents\mobaxterm\apache24\htdocs\route_receiver\alclib\debug\alc_rx.obj
c:\users\luke\documents\mobaxterm\apache24\htdocs\route_receiver\alclib\debug\alc_session.obj
c:\users\luke\documents\mobaxterm\apache24\htdocs\route_receiver\alclib\debug\alc_socket.obj
c:\users\luke\documents\mobaxterm\apache24\htdocs\route_receiver\alclib\debug\alc_tx.obj
c:\users\luke\documents\mobaxterm\apache24\htdocs\route_receiver\alclib\debug\blocking_alg.obj
c:\users\luke\documents\mobaxterm\apache24\htdocs\route_receiver\alclib\debug\fec.obj
c:\users\luke\documents\mobaxterm\apache24\htdocs\route_receiver\alclib\debug\lct_hdr.obj
c:\users\luke\documents\mobaxterm\apache24\htdocs\route_receiver\alclib\debug\mad.obj
c:\users\luke\documents\mobaxterm\apache24\htdocs\route_receiver\alclib\debug\mad_rlc.obj
c:\users\luke\documents\mobaxterm\apache24\htdocs\route_receiver\alclib\debug\null_fec.obj
c:\users\luke\documents\mobaxterm\apache24\htdocs\route_receiver\alclib\debug\rs_fec.obj
c:\users\luke\documents\mobaxterm\apache24\htdocs\route_receiver\alclib\debug\transport.obj
c:\users\luke\documents\mobaxterm\apache24\htdocs\route_receiver\alclib\debug\xor_fec.obj
c:\users\luke\documents\mobaxterm\apache24\htdocs\route_receiver\debug\alclib.lib
c:\users\luke\documents\mobaxterm\apache24\htdocs\route_receiver\alclib\debug\alclib.tlog\cl.command.1.tlog
c:\users\luke\documents\mobaxterm\apache24\htdocs\route_receiver\alclib\debug\alclib.tlog\cl.read.1.tlog
c:\users\luke\documents\mobaxterm\apache24\htdocs\route_receiver\alclib\debug\alclib.tlog\cl.write.1.tlog
c:\users\luke\documents\mobaxterm\apache24\htdocs\route_receiver\alclib\debug\alclib.tlog\lib-link.read.1.tlog
c:\users\luke\documents\mobaxterm\apache24\htdocs\route_receiver\alclib\debug\alclib.tlog\lib-link.write.1.tlog
c:\users\luke\documents\mobaxterm\apache24\htdocs\route_receiver\alclib\debug\alclib.tlog\lib.command.1.tlog
